android/app/build/intermediates/manifest_merge_blame_file/debug/manifest-merger-blame-debug-report.txt
1<?xml version="1.0" encoding="utf-8"?>
2<manifest xmlns:android="http://schemas.android.com/apk/res/android"
3    package="com.projectname"
4    android:versionCode="1"
5    android:versionName="1.0" >
6
7    <uses-sdk
8        android:minSdkVersion="21"
9        android:targetSdkVersion="31" />
10
11    <uses-permission android:name="android.permission.SYSTEM_ALERT_WINDOW" />
11-->src\debug\AndroidManifest.xml:5:5-77
11-->src\debug\AndroidManifest.xml:5:22-75
12    <uses-permission android:name="android.permission.INTERNET" />
12-->src\main\AndroidManifest.xml:4:5-67
12-->src\main\AndroidManifest.xml:4:22-64
13    <uses-permission android:name="android.permission.ACCESS_FINE_LOCATION" />
13-->src\main\AndroidManifest.xml:5:5-78
13-->src\main\AndroidManifest.xml:5:22-76
14    <uses-permission android:name="android.permission.ACCESS_COARSE_LOCATION" />
14-->src\main\AndroidManifest.xml:6:5-80
14-->src\main\AndroidManifest.xml:6:22-78
15
16    <uses-feature
16-->src\main\AndroidManifest.xml:7:5-89
17        android:name="android.hardware.bluetooth_le"
17-->src\main\AndroidManifest.xml:7:19-63
18        android:required="true" />
18-->src\main\AndroidManifest.xml:7:64-87
19
20    <uses-permission android:name="android.permission.FOREGROUND_SERVICE" /> <!-- Request legacy Bluetooth permissions on older devices. -->
20-->src\main\AndroidManifest.xml:8:5-76
20-->src\main\AndroidManifest.xml:8:22-74
21    <uses-permission
21-->src\main\AndroidManifest.xml:10:5-11:38
22        android:name="android.permission.BLUETOOTH"
22-->src\main\AndroidManifest.xml:10:22-65
23        android:maxSdkVersion="30" />
23-->src\main\AndroidManifest.xml:11:9-35
24    <uses-permission
24-->src\main\AndroidManifest.xml:12:5-13:38
25        android:name="android.permission.BLUETOOTH_ADMIN"
25-->src\main\AndroidManifest.xml:12:22-71
26        android:maxSdkVersion="30" />
26-->src\main\AndroidManifest.xml:13:9-35
27    <!--
28 Needed only if your app looks for Bluetooth devices.
29         You must add an attribute to this permission, or declare the
30         ACCESS_FINE_LOCATION permission, depending on the results when you
31         check location usage in your app.
32    -->
33    <uses-permission android:name="android.permission.BLUETOOTH_SCAN" />
33-->src\main\AndroidManifest.xml:19:5-73
33-->src\main\AndroidManifest.xml:19:22-70
34    <!--
35 Needed only if your app makes the device discoverable to Bluetooth
36         devices.
37    -->
38    <uses-permission android:name="android.permission.BLUETOOTH_ADVERTISE" />
38-->src\main\AndroidManifest.xml:23:5-78
38-->src\main\AndroidManifest.xml:23:22-75
39    <!--
40 Needed only if your app communicates with already-paired Bluetooth
41         devices.
42    -->
43    <uses-permission android:name="android.permission.BLUETOOTH_CONNECT" />
43-->src\main\AndroidManifest.xml:27:5-76
43-->src\main\AndroidManifest.xml:27:22-73
44    <uses-permission android:name="android.permission.ACCESS_WIFI_STATE" /> <!-- Required by older versions of Google Play services to create IID tokens -->
44-->[com.facebook.flipper:flipper:0.125.0] AndroidManifest.xml:16:5-76
44-->[com.facebook.flipper:flipper:0.125.0] AndroidManifest.xml:16:22-73
45    <uses-permission android:name="com.google.android.c2dm.permission.RECEIVE" />
45-->[com.google.android.gms:play-services-iid:17.0.0] AndroidManifest.xml:23:5-82
45-->[com.google.android.gms:play-services-iid:17.0.0] AndroidManifest.xml:23:22-79
46    <uses-permission android:name="com.google.android.finsky.permission.BIND_GET_INSTALL_REFERRER_SERVICE" />
46-->[com.android.installreferrer:installreferrer:1.1.2] AndroidManifest.xml:9:5-110
46-->[com.android.installreferrer:installreferrer:1.1.2] AndroidManifest.xml:9:22-107
47
48    <application
48-->src\main\AndroidManifest.xml:28:5-47:19
49        android:name="com.projectname.MainApplication"
49-->src\main\AndroidManifest.xml:29:7-38
50        android:allowBackup="false"
50-->src\main\AndroidManifest.xml:33:7-34
51        android:appComponentFactory="androidx.core.app.CoreComponentFactory"
51-->[androidx.core:core:1.6.0] AndroidManifest.xml:24:18-86
52        android:debuggable="true"
53        android:icon="@mipmap/ic_launcher"
53-->src\main\AndroidManifest.xml:31:7-41
54        android:label="@string/app_name"
54-->src\main\AndroidManifest.xml:30:7-39
55        android:roundIcon="@mipmap/ic_launcher_round"
55-->src\main\AndroidManifest.xml:32:7-52
56        android:theme="@style/AppTheme"
56-->src\main\AndroidManifest.xml:34:7-38
57        android:usesCleartextTraffic="true" >
57-->src\debug\AndroidManifest.xml:8:9-44
58        <activity
58-->src\debug\AndroidManifest.xml:11:9-111
59            android:name="com.facebook.react.devsupport.DevSettingsActivity"
59-->src\debug\AndroidManifest.xml:11:19-83
60            android:exported="false" />
60-->src\debug\AndroidManifest.xml:11:84-108
61        <activity
61-->src\main\AndroidManifest.xml:35:7-46:18
62            android:name="com.projectname.MainActivity"
62-->src\main\AndroidManifest.xml:36:9-37
63            android:configChanges="keyboard|keyboardHidden|orientation|screenLayout|screenSize|smallestScreenSize|uiMode"
63-->src\main\AndroidManifest.xml:38:9-118
64            android:exported="true"
64-->src\main\AndroidManifest.xml:41:9-32
65            android:label="@string/app_name"
65-->src\main\AndroidManifest.xml:37:9-41
66            android:launchMode="singleTask"
66-->src\main\AndroidManifest.xml:39:9-40
67            android:windowSoftInputMode="adjustResize" >
67-->src\main\AndroidManifest.xml:40:9-51
68            <intent-filter>
68-->src\main\AndroidManifest.xml:42:9-45:25
69                <action android:name="android.intent.action.MAIN" />
69-->src\main\AndroidManifest.xml:43:13-65
69-->src\main\AndroidManifest.xml:43:21-62
70
71                <category android:name="android.intent.category.LAUNCHER" />
71-->src\main\AndroidManifest.xml:44:13-73
71-->src\main\AndroidManifest.xml:44:23-70
72            </intent-filter>
73        </activity>
74        <activity
74-->[com.google.android.gms:play-services-base:17.0.0] AndroidManifest.xml:23:9-26:75
75            android:name="com.google.android.gms.common.api.GoogleApiActivity"
75-->[com.google.android.gms:play-services-base:17.0.0] AndroidManifest.xml:24:13-79
76            android:exported="false"
76-->[com.google.android.gms:play-services-base:17.0.0] AndroidManifest.xml:25:13-37
77            android:theme="@android:style/Theme.Translucent.NoTitleBar" />
77-->[com.google.android.gms:play-services-base:17.0.0] AndroidManifest.xml:26:13-72
78
79        <meta-data
79-->[com.google.android.gms:play-services-basement:17.0.0] AndroidManifest.xml:23:9-25:69
80            android:name="com.google.android.gms.version"
80-->[com.google.android.gms:play-services-basement:17.0.0] AndroidManifest.xml:24:13-58
81            android:value="@integer/google_play_services_version" />
81-->[com.google.android.gms:play-services-basement:17.0.0] AndroidManifest.xml:25:13-66
82    </application>
83
84</manifest>